{"/workspaces/ts/src/TestsWithJest/DIP/classes/Customer/customer.ts": {"path":"/workspaces/ts/src/TestsWithJest/DIP/classes/Customer/customer.ts","statementMap":{"0":{"start":{"line":15,"column":4},"end":{"line":15,"column":31}},"1":{"start":{"line":16,"column":4},"end":{"line":16,"column":29}},"2":{"start":{"line":17,"column":4},"end":{"line":17,"column":19}},"3":{"start":{"line":20,"column":4},"end":{"line":20,"column":64}},"4":{"start":{"line":23,"column":4},"end":{"line":23,"column":20}},"5":{"start":{"line":7,"column":0},"end":{"line":7,"column":13}},"6":{"start":{"line":34,"column":4},"end":{"line":34,"column":21}},"7":{"start":{"line":35,"column":4},"end":{"line":35,"column":21}},"8":{"start":{"line":38,"column":4},"end":{"line":38,"column":46}},"9":{"start":{"line":41,"column":4},"end":{"line":41,"column":21}},"10":{"start":{"line":27,"column":0},"end":{"line":27,"column":13}}},"fnMap":{"0":{"name":"(anonymous_0)","decl":{"start":{"line":14,"column":2},"end":{"line":14,"column":14}},"loc":{"start":{"line":14,"column":62},"end":{"line":18,"column":3}}},"1":{"name":"(anonymous_1)","decl":{"start":{"line":19,"column":2},"end":{"line":19,"column":9}},"loc":{"start":{"line":19,"column":9},"end":{"line":21,"column":3}}},"2":{"name":"(anonymous_2)","decl":{"start":{"line":22,"column":2},"end":{"line":22,"column":8}},"loc":{"start":{"line":22,"column":8},"end":{"line":24,"column":3}}},"3":{"name":"(anonymous_3)","decl":{"start":{"line":33,"column":2},"end":{"line":33,"column":14}},"loc":{"start":{"line":33,"column":40},"end":{"line":36,"column":3}}},"4":{"name":"(anonymous_4)","decl":{"start":{"line":37,"column":2},"end":{"line":37,"column":9}},"loc":{"start":{"line":37,"column":9},"end":{"line":39,"column":3}}},"5":{"name":"(anonymous_5)","decl":{"start":{"line":40,"column":2},"end":{"line":40,"column":8}},"loc":{"start":{"line":40,"column":8},"end":{"line":42,"column":3}}}},"branchMap":{},"s":{"0":3,"1":3,"2":3,"3":1,"4":1,"5":2,"6":3,"7":3,"8":1,"9":1,"10":2},"f":{"0":3,"1":1,"2":1,"3":3,"4":1,"5":1},"b":{}}
,"/workspaces/ts/src/TestsWithJest/DIP/classes/Discount/discount.ts": {"path":"/workspaces/ts/src/TestsWithJest/DIP/classes/Discount/discount.ts","statementMap":{"0":{"start":{"line":2,"column":12},"end":{"line":2,"column":25}},"1":{"start":{"line":5,"column":4},"end":{"line":5,"column":55}},"2":{"start":{"line":1,"column":0},"end":{"line":1,"column":22}},"3":{"start":{"line":9,"column":0},"end":{"line":9,"column":13}},"4":{"start":{"line":12,"column":21},"end":{"line":12,"column":36}},"5":{"start":{"line":11,"column":0},"end":{"line":11,"column":13}},"6":{"start":{"line":16,"column":21},"end":{"line":16,"column":36}},"7":{"start":{"line":15,"column":0},"end":{"line":15,"column":13}}},"fnMap":{"0":{"name":"(anonymous_0)","decl":{"start":{"line":1,"column":0},"end":{"line":1,"column":22}},"loc":{"start":{"line":1,"column":0},"end":{"line":7,"column":1}}},"1":{"name":"(anonymous_1)","decl":{"start":{"line":4,"column":2},"end":{"line":4,"column":11}},"loc":{"start":{"line":4,"column":25},"end":{"line":6,"column":3}}},"2":{"name":"(anonymous_2)","decl":{"start":{"line":11,"column":0},"end":{"line":11,"column":13}},"loc":{"start":{"line":11,"column":0},"end":{"line":13,"column":1}}},"3":{"name":"(anonymous_3)","decl":{"start":{"line":15,"column":0},"end":{"line":15,"column":13}},"loc":{"start":{"line":15,"column":0},"end":{"line":17,"column":1}}}},"branchMap":{},"s":{"0":10,"1":7,"2":2,"3":2,"4":1,"5":2,"6":1,"7":2},"f":{"0":10,"1":7,"2":1,"3":1},"b":{}}
,"/workspaces/ts/src/TestsWithJest/DIP/classes/Order/order.ts": {"path":"/workspaces/ts/src/TestsWithJest/DIP/classes/Order/order.ts","statementMap":{"0":{"start":{"line":11,"column":21},"end":{"line":11,"column":47}},"1":{"start":{"line":12,"column":21},"end":{"line":12,"column":49}},"2":{"start":{"line":13,"column":21},"end":{"line":13,"column":53}},"3":{"start":{"line":14,"column":21},"end":{"line":14,"column":44}},"4":{"start":{"line":8,"column":10},"end":{"line":8,"column":45}},"5":{"start":{"line":18,"column":4},"end":{"line":18,"column":29}},"6":{"start":{"line":22,"column":4},"end":{"line":25,"column":5}},"7":{"start":{"line":23,"column":6},"end":{"line":23,"column":40}},"8":{"start":{"line":24,"column":6},"end":{"line":24,"column":13}},"9":{"start":{"line":27,"column":4},"end":{"line":27,"column":33}},"10":{"start":{"line":28,"column":4},"end":{"line":30,"column":6}},"11":{"start":{"line":31,"column":4},"end":{"line":31,"column":33}},"12":{"start":{"line":32,"column":4},"end":{"line":32,"column":22}},"13":{"start":{"line":33,"column":4},"end":{"line":33,"column":41}},"14":{"start":{"line":34,"column":4},"end":{"line":34,"column":40}},"15":{"start":{"line":7,"column":0},"end":{"line":7,"column":13}}},"fnMap":{"0":{"name":"(anonymous_0)","decl":{"start":{"line":10,"column":2},"end":{"line":10,"column":null}},"loc":{"start":{"line":14,"column":44},"end":{"line":15,"column":6}}},"1":{"name":"(anonymous_1)","decl":{"start":{"line":17,"column":2},"end":{"line":17,"column":6}},"loc":{"start":{"line":17,"column":17},"end":{"line":19,"column":3}}},"2":{"name":"(anonymous_2)","decl":{"start":{"line":21,"column":2},"end":{"line":21,"column":10}},"loc":{"start":{"line":21,"column":10},"end":{"line":35,"column":3}}}},"branchMap":{"0":{"loc":{"start":{"line":22,"column":4},"end":{"line":25,"column":5}},"type":"if","locations":[{"start":{"line":22,"column":4},"end":{"line":25,"column":5}}]}},"s":{"0":5,"1":5,"2":5,"3":5,"4":5,"5":2,"6":5,"7":1,"8":1,"9":4,"10":4,"11":4,"12":4,"13":4,"14":4,"15":1},"f":{"0":5,"1":2,"2":5},"b":{"0":[1]}}
,"/workspaces/ts/src/TestsWithJest/DIP/classes/Product/product.ts": {"path":"/workspaces/ts/src/TestsWithJest/DIP/classes/Product/product.ts","statementMap":{"0":{"start":{"line":5,"column":11},"end":{"line":5,"column":23}},"1":{"start":{"line":6,"column":11},"end":{"line":6,"column":24}},"2":{"start":{"line":3,"column":0},"end":{"line":3,"column":13}}},"fnMap":{"0":{"name":"(anonymous_0)","decl":{"start":{"line":4,"column":2},"end":{"line":4,"column":null}},"loc":{"start":{"line":6,"column":24},"end":{"line":7,"column":6}}}},"branchMap":{},"s":{"0":3,"1":3,"2":1},"f":{"0":3},"b":{}}
,"/workspaces/ts/src/TestsWithJest/DIP/classes/ShoppingCart/shopping-cart.ts": {"path":"/workspaces/ts/src/TestsWithJest/DIP/classes/ShoppingCart/shopping-cart.ts","statementMap":{"0":{"start":{"line":8,"column":31},"end":{"line":8,"column":49}},"1":{"start":{"line":6,"column":19},"end":{"line":6,"column":49}},"2":{"start":{"line":11,"column":4},"end":{"line":11,"column":26}},"3":{"start":{"line":15,"column":4},"end":{"line":15,"column":33}},"4":{"start":{"line":19,"column":4},"end":{"line":19,"column":36}},"5":{"start":{"line":23,"column":4},"end":{"line":25,"column":18}},"6":{"start":{"line":24,"column":35},"end":{"line":24,"column":57}},"7":{"start":{"line":29,"column":4},"end":{"line":29,"column":49}},"8":{"start":{"line":33,"column":4},"end":{"line":33,"column":49}},"9":{"start":{"line":34,"column":4},"end":{"line":34,"column":30}},"10":{"start":{"line":38,"column":4},"end":{"line":38,"column":39}},"11":{"start":{"line":5,"column":0},"end":{"line":5,"column":13}}},"fnMap":{"0":{"name":"(anonymous_0)","decl":{"start":{"line":8,"column":2},"end":{"line":8,"column":31}},"loc":{"start":{"line":8,"column":49},"end":{"line":8,"column":53}}},"1":{"name":"(anonymous_1)","decl":{"start":{"line":10,"column":2},"end":{"line":10,"column":10}},"loc":{"start":{"line":10,"column":10},"end":{"line":12,"column":3}}},"2":{"name":"(anonymous_2)","decl":{"start":{"line":14,"column":2},"end":{"line":14,"column":12}},"loc":{"start":{"line":14,"column":33},"end":{"line":16,"column":3}}},"3":{"name":"(anonymous_3)","decl":{"start":{"line":18,"column":2},"end":{"line":18,"column":15}},"loc":{"start":{"line":18,"column":29},"end":{"line":20,"column":3}}},"4":{"name":"(anonymous_4)","decl":{"start":{"line":22,"column":2},"end":{"line":22,"column":7}},"loc":{"start":{"line":22,"column":7},"end":{"line":26,"column":3}}},"5":{"name":"(anonymous_5)","decl":{"start":{"line":24,"column":14},"end":{"line":24,"column":15}},"loc":{"start":{"line":24,"column":35},"end":{"line":24,"column":57}}},"6":{"name":"(anonymous_6)","decl":{"start":{"line":28,"column":2},"end":{"line":28,"column":19}},"loc":{"start":{"line":28,"column":19},"end":{"line":30,"column":3}}},"7":{"name":"(anonymous_7)","decl":{"start":{"line":32,"column":2},"end":{"line":32,"column":7}},"loc":{"start":{"line":32,"column":7},"end":{"line":35,"column":3}}},"8":{"name":"(anonymous_8)","decl":{"start":{"line":37,"column":2},"end":{"line":37,"column":9}},"loc":{"start":{"line":37,"column":9},"end":{"line":39,"column":3}}}},"branchMap":{},"s":{"0":7,"1":7,"2":6,"3":12,"4":2,"5":5,"6":10,"7":4,"8":1,"9":1,"10":3,"11":1},"f":{"0":7,"1":6,"2":12,"3":2,"4":5,"5":10,"6":4,"7":1,"8":3},"b":{}}
,"/workspaces/ts/src/TestsWithJest/DIP/services/Message/messaging.ts": {"path":"/workspaces/ts/src/TestsWithJest/DIP/services/Message/messaging.ts","statementMap":{"0":{"start":{"line":5,"column":4},"end":{"line":5,"column":38}},"1":{"start":{"line":3,"column":0},"end":{"line":3,"column":13}}},"fnMap":{"0":{"name":"(anonymous_0)","decl":{"start":{"line":4,"column":2},"end":{"line":4,"column":13}},"loc":{"start":{"line":4,"column":25},"end":{"line":6,"column":3}}}},"branchMap":{},"s":{"0":3,"1":1},"f":{"0":3},"b":{}}
,"/workspaces/ts/src/TestsWithJest/DIP/services/Persistency/persistency.ts": {"path":"/workspaces/ts/src/TestsWithJest/DIP/services/Persistency/persistency.ts","statementMap":{"0":{"start":{"line":5,"column":4},"end":{"line":5,"column":44}},"1":{"start":{"line":3,"column":0},"end":{"line":3,"column":13}}},"fnMap":{"0":{"name":"(anonymous_0)","decl":{"start":{"line":4,"column":2},"end":{"line":4,"column":11}},"loc":{"start":{"line":4,"column":11},"end":{"line":6,"column":3}}}},"branchMap":{},"s":{"0":3,"1":1},"f":{"0":3},"b":{}}
}
